c:\users\jesper\documents\die\p2c pasta\b1gware.tk sources\main\release\vc141.pdb
c:\users\jesper\documents\die\p2c pasta\b1gware.tk sources\main\release\painttraverse.obj
c:\users\jesper\documents\die\p2c pasta\b1gware.tk sources\main\release\autowall.obj
c:\users\jesper\documents\die\p2c pasta\b1gware.tk sources\main\release\ceconitem.obj
c:\users\jesper\documents\die\p2c pasta\b1gware.tk sources\main\release\draw.obj
c:\users\jesper\documents\die\p2c pasta\b1gware.tk sources\main\release\engine.obj
c:\users\jesper\documents\die\p2c pasta\b1gware.tk sources\main\release\gameevents.obj
c:\users\jesper\documents\die\p2c pasta\b1gware.tk sources\main\release\hitmarker.obj
c:\users\jesper\documents\die\p2c pasta\b1gware.tk sources\main\release\math.obj
c:\users\jesper\documents\die\p2c pasta\b1gware.tk sources\main\release\predictionsystem.obj
c:\users\jesper\documents\die\p2c pasta\b1gware.tk sources\main\release\global.obj
c:\users\jesper\documents\die\p2c pasta\b1gware.tk sources\main\release\antiaim.obj
c:\users\jesper\documents\die\p2c pasta\b1gware.tk sources\main\release\cbaseentity.obj
c:\users\jesper\documents\die\p2c pasta\b1gware.tk sources\main\release\drawmodelexecute.obj
c:\users\jesper\documents\die\p2c pasta\b1gware.tk sources\main\release\enginetrace.obj
c:\users\jesper\documents\die\p2c pasta\b1gware.tk sources\main\release\framestagenotify.obj
c:\users\jesper\documents\die\p2c pasta\b1gware.tk sources\main\release\legitbot.obj
c:\users\jesper\documents\die\p2c pasta\b1gware.tk sources\main\release\misc.obj
c:\users\jesper\documents\die\p2c pasta\b1gware.tk sources\main\release\spoofedconvar.obj
c:\users\jesper\documents\die\p2c pasta\b1gware.tk sources\main\release\netvars.obj
c:\users\jesper\documents\die\p2c pasta\b1gware.tk sources\main\release\aimbot.obj
c:\users\jesper\documents\die\p2c pasta\b1gware.tk sources\main\release\createmove.obj
c:\users\jesper\documents\die\p2c pasta\b1gware.tk sources\main\release\endscene.obj
c:\users\jesper\documents\die\p2c pasta\b1gware.tk sources\main\release\gameutils.obj
c:\users\jesper\documents\die\p2c pasta\b1gware.tk sources\main\release\inventory_changer.obj
c:\users\jesper\documents\die\p2c pasta\b1gware.tk sources\main\release\overrideview.obj
c:\users\jesper\documents\die\p2c pasta\b1gware.tk sources\main\release\render.obj
c:\users\jesper\documents\die\p2c pasta\b1gware.tk sources\main\release\main.obj
c:\users\jesper\documents\die\p2c pasta\b1gware.tk sources\main\release\backtrackinghelper.obj
c:\users\jesper\documents\die\p2c pasta\b1gware.tk sources\main\release\config.obj
c:\users\jesper\documents\die\p2c pasta\b1gware.tk sources\main\release\esp.obj
c:\users\jesper\documents\die\p2c pasta\b1gware.tk sources\main\release\fixmove.obj
c:\users\jesper\documents\die\p2c pasta\b1gware.tk sources\main\release\grenadeprediction.obj
c:\users\jesper\documents\die\p2c pasta\b1gware.tk sources\main\release\materialhelper.obj
c:\users\jesper\documents\die\p2c pasta\b1gware.tk sources\main\release\wndproc.obj
c:\users\jesper\documents\die\p2c pasta\b1gware.tk sources\main\release\offsets.obj
c:\users\jesper\documents\die\p2c pasta\b1gware.tk sources\main\release\imgui.obj
c:\users\jesper\documents\die\p2c pasta\b1gware.tk sources\main\release\checksum_md5.obj
c:\users\jesper\documents\die\p2c pasta\b1gware.tk sources\main\release\imgui_impl_dx9.obj
c:\users\jesper\documents\die\p2c pasta\b1gware.tk sources\main\release\imgui_colorpicker.obj
c:\users\jesper\documents\die\p2c pasta\b1gware.tk sources\main\release\imgui_demo.obj
c:\users\jesper\documents\die\p2c pasta\b1gware.tk sources\main\release\imgui_draw.obj
c:\users\jesper\documents\die\p2c pasta\b1gware.tk sources\main\release\tinyxml2.obj
c:\users\jesper\documents\die\p2c pasta\b1gware.tk sources\main\release\utilities.obj
c:\users\jesper\documents\die\p2c pasta\b1gware.tk sources\main\release\b1gware.tk.dll
c:\users\jesper\documents\die\p2c pasta\b1gware.tk sources\main\release\b1gware.tk.pdb
c:\users\jesper\documents\die\p2c pasta\b1gware.tk sources\main\.\release\b1gware.tk.dll
c:\users\jesper\documents\die\p2c pasta\b1gware.tk sources\main\release\komicaize.tlog\cl.command.1.tlog
c:\users\jesper\documents\die\p2c pasta\b1gware.tk sources\main\release\komicaize.tlog\cl.read.1.tlog
c:\users\jesper\documents\die\p2c pasta\b1gware.tk sources\main\release\komicaize.tlog\cl.write.1.tlog
c:\users\jesper\documents\die\p2c pasta\b1gware.tk sources\main\release\komicaize.tlog\link.command.1.tlog
c:\users\jesper\documents\die\p2c pasta\b1gware.tk sources\main\release\komicaize.tlog\link.read.1.tlog
c:\users\jesper\documents\die\p2c pasta\b1gware.tk sources\main\release\komicaize.tlog\link.write.1.tlog
